send     ## 2009.09.07 22:42:26 ## to: frolov@priovtb.com ## text size: 928send      ##  2009.09.07 23:16:33  ##  to: animad.gm@gmail.com             ##  text size: 928send      ##  2009.09.07 23:18:21  ##  to: animad.gm@gmail.com             ##  text size: 674\r\nsend      ##  2009.09.07 23:21:14  ##  to: animad.gm@gmail.com             ##  text size: 928\r\n\r\nsend      ##  2009.09.07 23:21:51  ##  to: animad.gm@gmail.com             ##  text size: 674\r\n\r\nsend      ##  2009.09.07 23:24:02  ##  to: animad.gm@gmail.com             ##  text size: 928

send      ##  2009.09.07 23:24:15  ##  to: animad.gm@gmail.com             ##  text size: 674

send      ##  2009.09.08 09:07:46  ##  to: frolov@priovtb.com              ##  text size: 928  ##  mail subject: 27

send      ##  2009.09.08 09:07:57  ##  to: frolov@priovtb.com              ##  text size: 674  ##  mail subject: 12

send      ##  2009.09.10 16:23:30  ##  to: tddiol@yandex.ru                ##  text size: 1012  ##  mail subject: ѕодтверждение регистрации

send      ##  2009.09.10 16:23:30  ##  to: kb@priovtb.com                  ##  text size: 464  ##  mail subject: —писок клиентов, ожидающих регистрацию на priovtb.com, обновилс€

send      ##  2009.09.17 17:10:29  ##  to: sash_sp@mail.ru                 ##  text size: 1012  ##  mail subject: ѕодтверждение регистрации

send      ##  2009.09.17 17:10:29  ##  to: kb@priovtb.com                  ##  text size: 464  ##  mail subject: —писок клиентов, ожидающих регистрацию на priovtb.com, обновилс€

send      ##  2009.09.21 12:03:10  ##  to: melnikov@priovtb.com            ##  text size: 1012  ##  mail subject: ѕодтверждение регистрации

send      ##  2009.09.21 12:03:11  ##  to: kb@priovtb.com                  ##  text size: 464  ##  mail subject: —писок клиентов, ожидающих регистрацию на priovtb.com, обновилс€

send      ##  2009.09.22 20:53:11  ##  to: littlemango@mail.ru             ##  text size: 1012  ##  mail subject: ѕодтверждение регистрации

send      ##  2009.09.22 20:53:12  ##  to: kb@priovtb.com                  ##  text size: 464  ##  mail subject: —писок клиентов, ожидающих регистрацию на priovtb.com, обновилс€

send      ##  2009.09.23 11:55:01  ##  to: mickuster@gmail.com             ##  text size: 1012  ##  mail subject: ѕодтверждение регистрации

send      ##  2009.09.23 11:55:01  ##  to: kb@priovtb.com                  ##  text size: 464  ##  mail subject: —писок клиентов, ожидающих регистрацию на priovtb.com, обновилс€

send      ##  2009.09.28 11:42:20  ##  to: talex775@mail.ru                ##  text size: 1012  ##  mail subject: ѕодтверждение регистрации

send      ##  2009.09.28 11:42:20  ##  to: kb@priovtb.com                  ##  text size: 464  ##  mail subject: —писок клиентов, ожидающих регистрацию на priovtb.com, обновилс€

send      ##  2009.10.01 07:32:53  ##  to: rip_79@mail.ru                  ##  text size: 1012  ##  mail subject: ѕодтверждение регистрации

send      ##  2009.10.01 07:32:53  ##  to: kb@priovtb.com                  ##  text size: 464  ##  mail subject: —писок клиентов, ожидающих регистрацию на priovtb.com, обновилс€

send      ##  2009.10.04 18:11:57  ##  to: jjudi@list.ru                   ##  text size: 1012  ##  mail subject: ѕодтверждение регистрации

send      ##  2009.10.04 18:11:57  ##  to: kb@priovtb.com                  ##  text size: 464  ##  mail subject: —писок клиентов, ожидающих регистрацию на priovtb.com, обновилс€

send      ##  2009.10.05 11:17:26  ##  to: remarco@yandex.ru               ##  text size: 1012  ##  mail subject: ѕодтверждение регистрации

send      ##  2009.10.05 11:17:26  ##  to: kb@priovtb.com                  ##  text size: 464  ##  mail subject: —писок клиентов, ожидающих регистрацию на priovtb.com, обновилс€

